 
****************************************
Report : constraint
        -all_violators
Design : fifo1_sramb
Version: Q-2019.12-SP3
Date   : Thu Jan 26 21:37:57 2023
****************************************


   max_delay/setup ('INPUTS' group)

                             Required        Actual
   Endpoint                 Path Delay     Path Delay        Slack
   -----------------------------------------------------------------
   rptr_empty/rempty_reg/D      0.80           0.86 r        -0.06  (VIOLATED)
   wptr_full/wfull_reg/D        0.81           0.86 f        -0.05  (VIOLATED)


   max_delay/setup ('OUTPUTS' group)

                             Required        Actual
   Endpoint                 Path Delay     Path Delay        Slack
   -----------------------------------------------------------------
   rdata[0]                     1.73           1.84 f        -0.11  (VIOLATED)
   rdata[1]                     1.73           1.84 f        -0.11  (VIOLATED)
   rdata[2]                     1.73           1.84 f        -0.11  (VIOLATED)
   rdata[3]                     1.73           1.84 f        -0.11  (VIOLATED)
   rdata[4]                     1.73           1.84 f        -0.11  (VIOLATED)
   rdata[5]                     1.73           1.84 f        -0.11  (VIOLATED)
   rdata[6]                     1.73           1.84 f        -0.11  (VIOLATED)
   rdata[7]                     1.73           1.84 f        -0.11  (VIOLATED)
   rempty                       1.73           1.78 f        -0.05  (VIOLATED)
   wfull                        1.73           1.74 f         0.00  (VIOLATED: increase significant digits)


   max_delay/setup ('rclk' group)

                             Required        Actual
   Endpoint                 Path Delay     Path Delay        Slack
   -----------------------------------------------------------------
   rptr_empty/rempty_reg/D      0.80           0.92 r        -0.12  (VIOLATED)


   max_delay/setup ('wclk' group)

                             Required        Actual
   Endpoint                 Path Delay     Path Delay        Slack
   -----------------------------------------------------------------
   wptr_full/wfull_reg/D        0.79           0.86 r        -0.07  (VIOLATED)


   min_delay/hold ('rclk' group)

                             Required        Actual
   Endpoint                 Path Delay     Path Delay        Slack
   -----------------------------------------------------------------
   fifomem/genblk1_0__U/A2[2]
                                0.51           0.28 f        -0.23  (VIOLATED)
   fifomem/genblk1_1__U/A2[2]
                                0.51           0.28 f        -0.23  (VIOLATED)
   fifomem/genblk1_2__U/A2[2]
                                0.51           0.28 f        -0.23  (VIOLATED)
   fifomem/genblk1_3__U/A2[2]
                                0.51           0.28 f        -0.23  (VIOLATED)
   fifomem/genblk1_4__U/A2[2]
                                0.51           0.28 f        -0.23  (VIOLATED)
   fifomem/genblk1_5__U/A2[2]
                                0.51           0.28 f        -0.23  (VIOLATED)
   fifomem/genblk1_6__U/A2[2]
                                0.51           0.28 f        -0.23  (VIOLATED)
   fifomem/genblk1_7__U/A2[2]
                                0.51           0.28 f        -0.23  (VIOLATED)
   fifomem/genblk1_0__U/A2[1]
                                0.51           0.30 f        -0.21  (VIOLATED)
   fifomem/genblk1_1__U/A2[1]
                                0.51           0.30 f        -0.21  (VIOLATED)
   fifomem/genblk1_2__U/A2[1]
                                0.51           0.30 f        -0.21  (VIOLATED)
   fifomem/genblk1_3__U/A2[1]
                                0.51           0.30 f        -0.21  (VIOLATED)
   fifomem/genblk1_4__U/A2[1]
                                0.51           0.30 f        -0.21  (VIOLATED)
   fifomem/genblk1_5__U/A2[1]
                                0.51           0.30 f        -0.21  (VIOLATED)
   fifomem/genblk1_6__U/A2[1]
                                0.51           0.30 f        -0.21  (VIOLATED)
   fifomem/genblk1_7__U/A2[1]
                                0.51           0.30 f        -0.21  (VIOLATED)
   fifomem/genblk1_0__U/A2[4]
                                0.51           0.31 f        -0.20  (VIOLATED)
   fifomem/genblk1_1__U/A2[4]
                                0.51           0.31 f        -0.20  (VIOLATED)
   fifomem/genblk1_2__U/A2[4]
                                0.51           0.31 f        -0.20  (VIOLATED)
   fifomem/genblk1_3__U/A2[4]
                                0.51           0.31 f        -0.20  (VIOLATED)
   fifomem/genblk1_4__U/A2[4]
                                0.51           0.31 f        -0.20  (VIOLATED)
   fifomem/genblk1_5__U/A2[4]
                                0.51           0.31 f        -0.20  (VIOLATED)
   fifomem/genblk1_6__U/A2[4]
                                0.51           0.31 f        -0.20  (VIOLATED)
   fifomem/genblk1_7__U/A2[4]
                                0.51           0.31 f        -0.20  (VIOLATED)
   fifomem/genblk1_0__U/A2[6]
                                0.51           0.31 f        -0.20  (VIOLATED)
   fifomem/genblk1_1__U/A2[6]
                                0.51           0.31 f        -0.20  (VIOLATED)
   fifomem/genblk1_2__U/A2[6]
                                0.51           0.31 f        -0.20  (VIOLATED)
   fifomem/genblk1_3__U/A2[6]
                                0.51           0.31 f        -0.20  (VIOLATED)
   fifomem/genblk1_4__U/A2[6]
                                0.51           0.31 f        -0.20  (VIOLATED)
   fifomem/genblk1_5__U/A2[6]
                                0.51           0.31 f        -0.20  (VIOLATED)
   fifomem/genblk1_6__U/A2[6]
                                0.51           0.31 f        -0.20  (VIOLATED)
   fifomem/genblk1_7__U/A2[6]
                                0.51           0.31 f        -0.20  (VIOLATED)
   fifomem/genblk1_0__U/A2[5]
                                0.51           0.31 f        -0.20  (VIOLATED)
   fifomem/genblk1_1__U/A2[5]
                                0.51           0.31 f        -0.20  (VIOLATED)
   fifomem/genblk1_2__U/A2[5]
                                0.51           0.31 f        -0.20  (VIOLATED)
   fifomem/genblk1_3__U/A2[5]
                                0.51           0.31 f        -0.20  (VIOLATED)
   fifomem/genblk1_4__U/A2[5]
                                0.51           0.31 f        -0.20  (VIOLATED)
   fifomem/genblk1_5__U/A2[5]
                                0.51           0.31 f        -0.20  (VIOLATED)
   fifomem/genblk1_6__U/A2[5]
                                0.51           0.31 f        -0.20  (VIOLATED)
   fifomem/genblk1_7__U/A2[5]
                                0.51           0.31 f        -0.20  (VIOLATED)
   fifomem/genblk1_0__U/A2[0]
                                0.51           0.32 f        -0.20  (VIOLATED)
   fifomem/genblk1_1__U/A2[0]
                                0.51           0.32 f        -0.20  (VIOLATED)
   fifomem/genblk1_2__U/A2[0]
                                0.51           0.32 f        -0.20  (VIOLATED)
   fifomem/genblk1_3__U/A2[0]
                                0.51           0.32 f        -0.20  (VIOLATED)
   fifomem/genblk1_4__U/A2[0]
                                0.51           0.32 f        -0.20  (VIOLATED)
   fifomem/genblk1_5__U/A2[0]
                                0.51           0.32 f        -0.20  (VIOLATED)
   fifomem/genblk1_6__U/A2[0]
                                0.51           0.32 f        -0.20  (VIOLATED)
   fifomem/genblk1_7__U/A2[0]
                                0.51           0.32 f        -0.20  (VIOLATED)
   fifomem/genblk1_0__U/A2[3]
                                0.51           0.35 f        -0.16  (VIOLATED)
   fifomem/genblk1_1__U/A2[3]
                                0.51           0.35 f        -0.16  (VIOLATED)
   fifomem/genblk1_2__U/A2[3]
                                0.51           0.35 f        -0.16  (VIOLATED)
   fifomem/genblk1_3__U/A2[3]
                                0.51           0.35 f        -0.16  (VIOLATED)
   fifomem/genblk1_4__U/A2[3]
                                0.51           0.35 f        -0.16  (VIOLATED)
   fifomem/genblk1_5__U/A2[3]
                                0.51           0.35 f        -0.16  (VIOLATED)
   fifomem/genblk1_6__U/A2[3]
                                0.51           0.35 f        -0.16  (VIOLATED)
   fifomem/genblk1_7__U/A2[3]
                                0.51           0.35 f        -0.16  (VIOLATED)


   min_delay/hold ('wclk' group)

                             Required        Actual
   Endpoint                 Path Delay     Path Delay        Slack
   -----------------------------------------------------------------
   fifomem/genblk1_0__U/I1[0]
                                0.51           0.28 f        -0.24  (VIOLATED)
   fifomem/genblk1_0__U/I1[1]
                                0.51           0.28 f        -0.24  (VIOLATED)
   fifomem/genblk1_0__U/I1[2]
                                0.51           0.28 f        -0.24  (VIOLATED)
   fifomem/genblk1_0__U/I1[3]
                                0.51           0.28 f        -0.24  (VIOLATED)
   fifomem/genblk1_0__U/I1[4]
                                0.51           0.28 f        -0.24  (VIOLATED)
   fifomem/genblk1_0__U/I1[5]
                                0.51           0.28 f        -0.24  (VIOLATED)
   fifomem/genblk1_0__U/I1[6]
                                0.51           0.28 f        -0.24  (VIOLATED)
   fifomem/genblk1_0__U/I1[7]
                                0.51           0.28 f        -0.24  (VIOLATED)
   fifomem/genblk1_1__U/I1[0]
                                0.51           0.28 f        -0.24  (VIOLATED)
   fifomem/genblk1_1__U/I1[1]
                                0.51           0.28 f        -0.24  (VIOLATED)
   fifomem/genblk1_1__U/I1[2]
                                0.51           0.28 f        -0.24  (VIOLATED)
   fifomem/genblk1_1__U/I1[3]
                                0.51           0.28 f        -0.24  (VIOLATED)
   fifomem/genblk1_1__U/I1[4]
                                0.51           0.28 f        -0.24  (VIOLATED)
   fifomem/genblk1_1__U/I1[5]
                                0.51           0.28 f        -0.24  (VIOLATED)
   fifomem/genblk1_1__U/I1[6]
                                0.51           0.28 f        -0.24  (VIOLATED)
   fifomem/genblk1_1__U/I1[7]
                                0.51           0.28 f        -0.24  (VIOLATED)
   fifomem/genblk1_2__U/I1[0]
                                0.51           0.28 f        -0.24  (VIOLATED)
   fifomem/genblk1_2__U/I1[1]
                                0.51           0.28 f        -0.24  (VIOLATED)
   fifomem/genblk1_2__U/I1[2]
                                0.51           0.28 f        -0.24  (VIOLATED)
   fifomem/genblk1_2__U/I1[3]
                                0.51           0.28 f        -0.24  (VIOLATED)
   fifomem/genblk1_2__U/I1[4]
                                0.51           0.28 f        -0.24  (VIOLATED)
   fifomem/genblk1_2__U/I1[5]
                                0.51           0.28 f        -0.24  (VIOLATED)
   fifomem/genblk1_2__U/I1[6]
                                0.51           0.28 f        -0.24  (VIOLATED)
   fifomem/genblk1_2__U/I1[7]
                                0.51           0.28 f        -0.24  (VIOLATED)
   fifomem/genblk1_3__U/I1[0]
                                0.51           0.28 f        -0.24  (VIOLATED)
   fifomem/genblk1_3__U/I1[1]
                                0.51           0.28 f        -0.24  (VIOLATED)
   fifomem/genblk1_3__U/I1[2]
                                0.51           0.28 f        -0.24  (VIOLATED)
   fifomem/genblk1_3__U/I1[3]
                                0.51           0.28 f        -0.24  (VIOLATED)
   fifomem/genblk1_3__U/I1[4]
                                0.51           0.28 f        -0.24  (VIOLATED)
   fifomem/genblk1_3__U/I1[5]
                                0.51           0.28 f        -0.24  (VIOLATED)
   fifomem/genblk1_3__U/I1[6]
                                0.51           0.28 f        -0.24  (VIOLATED)
   fifomem/genblk1_3__U/I1[7]
                                0.51           0.28 f        -0.24  (VIOLATED)
   fifomem/genblk1_4__U/I1[0]
                                0.51           0.28 f        -0.24  (VIOLATED)
   fifomem/genblk1_4__U/I1[1]
                                0.51           0.28 f        -0.24  (VIOLATED)
   fifomem/genblk1_4__U/I1[2]
                                0.51           0.28 f        -0.24  (VIOLATED)
   fifomem/genblk1_4__U/I1[3]
                                0.51           0.28 f        -0.24  (VIOLATED)
   fifomem/genblk1_4__U/I1[4]
                                0.51           0.28 f        -0.24  (VIOLATED)
   fifomem/genblk1_4__U/I1[5]
                                0.51           0.28 f        -0.24  (VIOLATED)
   fifomem/genblk1_4__U/I1[6]
                                0.51           0.28 f        -0.24  (VIOLATED)
   fifomem/genblk1_4__U/I1[7]
                                0.51           0.28 f        -0.24  (VIOLATED)
   fifomem/genblk1_5__U/I1[0]
                                0.51           0.28 f        -0.24  (VIOLATED)
   fifomem/genblk1_5__U/I1[1]
                                0.51           0.28 f        -0.24  (VIOLATED)
   fifomem/genblk1_5__U/I1[2]
                                0.51           0.28 f        -0.24  (VIOLATED)
   fifomem/genblk1_5__U/I1[3]
                                0.51           0.28 f        -0.24  (VIOLATED)
   fifomem/genblk1_5__U/I1[4]
                                0.51           0.28 f        -0.24  (VIOLATED)
   fifomem/genblk1_5__U/I1[5]
                                0.51           0.28 f        -0.24  (VIOLATED)
   fifomem/genblk1_5__U/I1[6]
                                0.51           0.28 f        -0.24  (VIOLATED)
   fifomem/genblk1_5__U/I1[7]
                                0.51           0.28 f        -0.24  (VIOLATED)
   fifomem/genblk1_6__U/I1[0]
                                0.51           0.28 f        -0.24  (VIOLATED)
   fifomem/genblk1_6__U/I1[1]
                                0.51           0.28 f        -0.24  (VIOLATED)
   fifomem/genblk1_6__U/I1[2]
                                0.51           0.28 f        -0.24  (VIOLATED)
   fifomem/genblk1_6__U/I1[3]
                                0.51           0.28 f        -0.24  (VIOLATED)
   fifomem/genblk1_6__U/I1[4]
                                0.51           0.28 f        -0.24  (VIOLATED)
   fifomem/genblk1_6__U/I1[5]
                                0.51           0.28 f        -0.24  (VIOLATED)
   fifomem/genblk1_6__U/I1[6]
                                0.51           0.28 f        -0.24  (VIOLATED)
   fifomem/genblk1_6__U/I1[7]
                                0.51           0.28 f        -0.24  (VIOLATED)
   fifomem/genblk1_7__U/I1[0]
                                0.51           0.28 f        -0.24  (VIOLATED)
   fifomem/genblk1_7__U/I1[1]
                                0.51           0.28 f        -0.24  (VIOLATED)
   fifomem/genblk1_7__U/I1[2]
                                0.51           0.28 f        -0.24  (VIOLATED)
   fifomem/genblk1_7__U/I1[3]
                                0.51           0.28 f        -0.24  (VIOLATED)
   fifomem/genblk1_7__U/I1[4]
                                0.51           0.28 f        -0.24  (VIOLATED)
   fifomem/genblk1_7__U/I1[5]
                                0.51           0.28 f        -0.24  (VIOLATED)
   fifomem/genblk1_7__U/I1[6]
                                0.51           0.28 f        -0.24  (VIOLATED)
   fifomem/genblk1_7__U/I1[7]
                                0.51           0.28 f        -0.24  (VIOLATED)
   fifomem/genblk1_0__U/A1[0]
                                0.51           0.30 f        -0.21  (VIOLATED)
   fifomem/genblk1_1__U/A1[0]
                                0.51           0.30 f        -0.21  (VIOLATED)
   fifomem/genblk1_2__U/A1[0]
                                0.51           0.30 f        -0.21  (VIOLATED)
   fifomem/genblk1_3__U/A1[0]
                                0.51           0.30 f        -0.21  (VIOLATED)
   fifomem/genblk1_4__U/A1[0]
                                0.51           0.30 f        -0.21  (VIOLATED)
   fifomem/genblk1_5__U/A1[0]
                                0.51           0.30 f        -0.21  (VIOLATED)
   fifomem/genblk1_6__U/A1[0]
                                0.51           0.30 f        -0.21  (VIOLATED)
   fifomem/genblk1_7__U/A1[0]
                                0.51           0.30 f        -0.21  (VIOLATED)
   fifomem/genblk1_0__U/A1[2]
                                0.51           0.32 f        -0.19  (VIOLATED)
   fifomem/genblk1_1__U/A1[2]
                                0.51           0.32 f        -0.19  (VIOLATED)
   fifomem/genblk1_2__U/A1[2]
                                0.51           0.32 f        -0.19  (VIOLATED)
   fifomem/genblk1_3__U/A1[2]
                                0.51           0.32 f        -0.19  (VIOLATED)
   fifomem/genblk1_4__U/A1[2]
                                0.51           0.32 f        -0.19  (VIOLATED)
   fifomem/genblk1_5__U/A1[2]
                                0.51           0.32 f        -0.19  (VIOLATED)
   fifomem/genblk1_6__U/A1[2]
                                0.51           0.32 f        -0.19  (VIOLATED)
   fifomem/genblk1_7__U/A1[2]
                                0.51           0.32 f        -0.19  (VIOLATED)
   fifomem/genblk1_0__U/A1[4]
                                0.51           0.32 f        -0.19  (VIOLATED)
   fifomem/genblk1_1__U/A1[4]
                                0.51           0.32 f        -0.19  (VIOLATED)
   fifomem/genblk1_2__U/A1[4]
                                0.51           0.32 f        -0.19  (VIOLATED)
   fifomem/genblk1_3__U/A1[4]
                                0.51           0.32 f        -0.19  (VIOLATED)
   fifomem/genblk1_4__U/A1[4]
                                0.51           0.32 f        -0.19  (VIOLATED)
   fifomem/genblk1_5__U/A1[4]
                                0.51           0.32 f        -0.19  (VIOLATED)
   fifomem/genblk1_6__U/A1[4]
                                0.51           0.32 f        -0.19  (VIOLATED)
   fifomem/genblk1_7__U/A1[4]
                                0.51           0.32 f        -0.19  (VIOLATED)
   fifomem/genblk1_0__U/A1[3]
                                0.50           0.31 f        -0.19  (VIOLATED)
   fifomem/genblk1_1__U/A1[3]
                                0.50           0.31 f        -0.19  (VIOLATED)
   fifomem/genblk1_2__U/A1[3]
                                0.50           0.31 f        -0.19  (VIOLATED)
   fifomem/genblk1_3__U/A1[3]
                                0.50           0.31 f        -0.19  (VIOLATED)
   fifomem/genblk1_4__U/A1[3]
                                0.50           0.31 f        -0.19  (VIOLATED)
   fifomem/genblk1_5__U/A1[3]
                                0.50           0.31 f        -0.19  (VIOLATED)
   fifomem/genblk1_6__U/A1[3]
                                0.50           0.31 f        -0.19  (VIOLATED)
   fifomem/genblk1_7__U/A1[3]
                                0.50           0.31 f        -0.19  (VIOLATED)
   fifomem/genblk1_0__U/A1[5]
                                0.51           0.33 f        -0.18  (VIOLATED)
   fifomem/genblk1_1__U/A1[5]
                                0.51           0.33 f        -0.18  (VIOLATED)
   fifomem/genblk1_2__U/A1[5]
                                0.51           0.33 f        -0.18  (VIOLATED)
   fifomem/genblk1_3__U/A1[5]
                                0.51           0.33 f        -0.18  (VIOLATED)
   fifomem/genblk1_4__U/A1[5]
                                0.51           0.33 f        -0.18  (VIOLATED)
   fifomem/genblk1_5__U/A1[5]
                                0.51           0.33 f        -0.18  (VIOLATED)
   fifomem/genblk1_6__U/A1[5]
                                0.51           0.33 f        -0.18  (VIOLATED)
   fifomem/genblk1_7__U/A1[5]
                                0.51           0.33 f        -0.18  (VIOLATED)
   fifomem/genblk1_0__U/A1[6]
                                0.50           0.33 f        -0.17  (VIOLATED)
   fifomem/genblk1_1__U/A1[6]
                                0.50           0.33 f        -0.17  (VIOLATED)
   fifomem/genblk1_2__U/A1[6]
                                0.50           0.33 f        -0.17  (VIOLATED)
   fifomem/genblk1_3__U/A1[6]
                                0.50           0.33 f        -0.17  (VIOLATED)
   fifomem/genblk1_4__U/A1[6]
                                0.50           0.33 f        -0.17  (VIOLATED)
   fifomem/genblk1_5__U/A1[6]
                                0.50           0.33 f        -0.17  (VIOLATED)
   fifomem/genblk1_6__U/A1[6]
                                0.50           0.33 f        -0.17  (VIOLATED)
   fifomem/genblk1_7__U/A1[6]
                                0.50           0.33 f        -0.17  (VIOLATED)
   fifomem/genblk1_0__U/A1[1]
                                0.52           0.37 f        -0.15  (VIOLATED)
   fifomem/genblk1_1__U/A1[1]
                                0.52           0.37 f        -0.15  (VIOLATED)
   fifomem/genblk1_2__U/A1[1]
                                0.52           0.37 f        -0.15  (VIOLATED)
   fifomem/genblk1_3__U/A1[1]
                                0.52           0.37 f        -0.15  (VIOLATED)
   fifomem/genblk1_4__U/A1[1]
                                0.52           0.37 f        -0.15  (VIOLATED)
   fifomem/genblk1_5__U/A1[1]
                                0.52           0.37 f        -0.15  (VIOLATED)
   fifomem/genblk1_6__U/A1[1]
                                0.52           0.37 f        -0.15  (VIOLATED)
   fifomem/genblk1_7__U/A1[1]
                                0.52           0.37 f        -0.15  (VIOLATED)


   max_transition

                             Required        Actual
   Net                      Transition     Transition        Slack
   -----------------------------------------------------------------
   rempty                       0.50           0.89          -0.39  (VIOLATED)
       PORT :  rempty           0.50           0.89          -0.39  (VIOLATED)
   rdata[0]                     0.50           0.89          -0.39  (VIOLATED)
       PORT :  rdata[0]         0.50           0.89          -0.39  (VIOLATED)
   rdata[1]                     0.50           0.89          -0.39  (VIOLATED)
       PORT :  rdata[1]         0.50           0.89          -0.39  (VIOLATED)
   rdata[2]                     0.50           0.89          -0.39  (VIOLATED)
       PORT :  rdata[2]         0.50           0.89          -0.39  (VIOLATED)
   rdata[3]                     0.50           0.89          -0.39  (VIOLATED)
       PORT :  rdata[3]         0.50           0.89          -0.39  (VIOLATED)
   rdata[4]                     0.50           0.89          -0.39  (VIOLATED)
       PORT :  rdata[4]         0.50           0.89          -0.39  (VIOLATED)
   rdata[5]                     0.50           0.89          -0.39  (VIOLATED)
       PORT :  rdata[5]         0.50           0.89          -0.39  (VIOLATED)
   rdata[6]                     0.50           0.89          -0.39  (VIOLATED)
       PORT :  rdata[6]         0.50           0.89          -0.39  (VIOLATED)
   rdata[7]                     0.50           0.89          -0.39  (VIOLATED)
       PORT :  rdata[7]         0.50           0.89          -0.39  (VIOLATED)
   wfull                        0.50           0.89          -0.39  (VIOLATED)
       PORT :  wfull            0.50           0.89          -0.39  (VIOLATED)
   n10                          0.39           0.75          -0.36  (VIOLATED)
       PIN :   io_b_winc/PADIO
                                0.50           0.75          -0.25  (VIOLATED)
       PIN :   U14/Y            0.39           0.75          -0.36  (VIOLATED)
   n11                          0.39           0.75          -0.36  (VIOLATED)
       PIN :   io_r_wdata_in_0_/PADIO
                                0.50           0.75          -0.25  (VIOLATED)
       PIN :   U15/Y            0.39           0.75          -0.36  (VIOLATED)
   n12                          0.39           0.75          -0.36  (VIOLATED)
       PIN :   io_r_wdata_in_1_/PADIO
                                0.50           0.75          -0.25  (VIOLATED)
       PIN :   U16/Y            0.39           0.75          -0.36  (VIOLATED)
   n13                          0.39           0.75          -0.36  (VIOLATED)
       PIN :   io_r_wdata_in_2_/PADIO
                                0.50           0.75          -0.25  (VIOLATED)
       PIN :   U17/Y            0.39           0.75          -0.36  (VIOLATED)
   n14                          0.39           0.75          -0.36  (VIOLATED)
       PIN :   io_r_wdata_in_3_/PADIO
                                0.50           0.75          -0.25  (VIOLATED)
       PIN :   U18/Y            0.39           0.75          -0.36  (VIOLATED)
   n15                          0.39           0.75          -0.36  (VIOLATED)
       PIN :   io_r_wdata_in_4_/PADIO
                                0.50           0.75          -0.25  (VIOLATED)
       PIN :   U19/Y            0.39           0.75          -0.36  (VIOLATED)
   n16                          0.39           0.75          -0.36  (VIOLATED)
       PIN :   io_r_wdata_in_5_/PADIO
                                0.50           0.75          -0.25  (VIOLATED)
       PIN :   U20/Y            0.39           0.75          -0.36  (VIOLATED)
   n17                          0.39           0.75          -0.36  (VIOLATED)
       PIN :   io_r_wdata_in_7_/PADIO
                                0.50           0.75          -0.25  (VIOLATED)
       PIN :   U21/Y            0.39           0.75          -0.36  (VIOLATED)
   n18                          0.39           0.75          -0.36  (VIOLATED)
       PIN :   io_r_wdata_in_6_/PADIO
                                0.50           0.75          -0.25  (VIOLATED)
       PIN :   U22/Y            0.39           0.75          -0.36  (VIOLATED)
   n28                          0.39           0.71          -0.32  (VIOLATED)
       PIN :   io_b_rinc/PADIO
                                0.50           0.71          -0.21  (VIOLATED)
       PIN :   U23/Y            0.39           0.71          -0.32  (VIOLATED)

   -----------------------------------------------------------------
   Total                      20                 -7.50  

   max_capacitance

                             Required        Actual
   Net                      Capacitance    Capacitance       Slack
   -----------------------------------------------------------------
   n10                        168.00        2540.00       -2372.00  (VIOLATED)
   n11                        168.00        2540.00       -2372.00  (VIOLATED)
   n12                        168.00        2540.00       -2372.00  (VIOLATED)
   n13                        168.00        2540.00       -2372.00  (VIOLATED)
   n14                        168.00        2540.00       -2372.00  (VIOLATED)
   n15                        168.00        2540.00       -2372.00  (VIOLATED)
   n16                        168.00        2540.00       -2372.00  (VIOLATED)
   n17                        168.00        2540.00       -2372.00  (VIOLATED)
   n18                        168.00        2540.00       -2372.00  (VIOLATED)
   n28                        168.00        2540.00       -2372.00  (VIOLATED)
   fifomem/n35                  0.03           0.51          -0.48  (VIOLATED)
   fifomem/n36                  0.03           0.51          -0.48  (VIOLATED)
   fifomem/n43                  0.03           0.51          -0.48  (VIOLATED)
   fifomem/n44                  0.03           0.51          -0.48  (VIOLATED)
   fifomem/n51                  0.03           0.51          -0.48  (VIOLATED)
   fifomem/n52                  0.03           0.51          -0.48  (VIOLATED)
   fifomem/n59                  0.03           0.51          -0.48  (VIOLATED)
   fifomem/n60                  0.03           0.51          -0.48  (VIOLATED)
   fifomem/n67                  0.03           0.51          -0.48  (VIOLATED)
   fifomem/n68                  0.03           0.51          -0.48  (VIOLATED)
   fifomem/n75                  0.03           0.51          -0.48  (VIOLATED)
   fifomem/n76                  0.03           0.51          -0.48  (VIOLATED)
   fifomem/n83                  0.03           0.51          -0.48  (VIOLATED)
   fifomem/n84                  0.03           0.51          -0.48  (VIOLATED)
   fifomem/n85                  0.03           0.51          -0.48  (VIOLATED)
   fifomem/n87                  0.03           0.51          -0.48  (VIOLATED)
   fifomem/n31                  0.03           0.49          -0.47  (VIOLATED)
   fifomem/n33                  0.03           0.49          -0.47  (VIOLATED)
   fifomem/n37                  0.03           0.49          -0.47  (VIOLATED)
   fifomem/n39                  0.03           0.49          -0.47  (VIOLATED)
   fifomem/n45                  0.03           0.49          -0.47  (VIOLATED)
   fifomem/n47                  0.03           0.49          -0.47  (VIOLATED)
   fifomem/n53                  0.03           0.49          -0.47  (VIOLATED)
   fifomem/n55                  0.03           0.49          -0.47  (VIOLATED)
   fifomem/n61                  0.03           0.49          -0.47  (VIOLATED)
   fifomem/n63                  0.03           0.49          -0.47  (VIOLATED)
   fifomem/n69                  0.03           0.49          -0.47  (VIOLATED)
   fifomem/n71                  0.03           0.49          -0.47  (VIOLATED)
   fifomem/n77                  0.03           0.49          -0.47  (VIOLATED)
   fifomem/n79                  0.03           0.49          -0.47  (VIOLATED)
   fifomem/n89                  0.03           0.49          -0.47  (VIOLATED)
   fifomem/n92                  0.03           0.49          -0.47  (VIOLATED)
   fifomem/n29                  0.03           0.48          -0.46  (VIOLATED)
   fifomem/n30                  0.03           0.48          -0.46  (VIOLATED)
   fifomem/n38                  0.03           0.48          -0.46  (VIOLATED)
   fifomem/n42                  0.03           0.48          -0.46  (VIOLATED)
   fifomem/n46                  0.03           0.48          -0.46  (VIOLATED)
   fifomem/n50                  0.03           0.48          -0.46  (VIOLATED)
   fifomem/n54                  0.03           0.48          -0.46  (VIOLATED)
   fifomem/n58                  0.03           0.48          -0.46  (VIOLATED)
   fifomem/n62                  0.03           0.48          -0.46  (VIOLATED)
   fifomem/n66                  0.03           0.48          -0.46  (VIOLATED)
   fifomem/n70                  0.03           0.48          -0.46  (VIOLATED)
   fifomem/n74                  0.03           0.48          -0.46  (VIOLATED)
   fifomem/n78                  0.03           0.48          -0.46  (VIOLATED)
   fifomem/n82                  0.03           0.48          -0.46  (VIOLATED)
   fifomem/n86                  0.03           0.48          -0.46  (VIOLATED)
   fifomem/n90                  0.03           0.48          -0.46  (VIOLATED)
   fifomem/n32                  0.03           0.47          -0.45  (VIOLATED)
   fifomem/n34                  0.03           0.47          -0.45  (VIOLATED)
   fifomem/n40                  0.03           0.47          -0.45  (VIOLATED)
   fifomem/n41                  0.03           0.47          -0.45  (VIOLATED)
   fifomem/n48                  0.03           0.47          -0.45  (VIOLATED)
   fifomem/n49                  0.03           0.47          -0.45  (VIOLATED)
   fifomem/n56                  0.03           0.47          -0.45  (VIOLATED)
   fifomem/n57                  0.03           0.47          -0.45  (VIOLATED)
   fifomem/n64                  0.03           0.47          -0.45  (VIOLATED)
   fifomem/n65                  0.03           0.47          -0.45  (VIOLATED)
   fifomem/n72                  0.03           0.47          -0.45  (VIOLATED)
   fifomem/n73                  0.03           0.47          -0.45  (VIOLATED)
   fifomem/n80                  0.03           0.47          -0.45  (VIOLATED)
   fifomem/n81                  0.03           0.47          -0.45  (VIOLATED)
   fifomem/n88                  0.03           0.47          -0.45  (VIOLATED)
   fifomem/n91                  0.03           0.47          -0.45  (VIOLATED)

   -----------------------------------------------------------------
   Total                      74              -23749.74 

   max_leakage_power

                             Required        Actual
   Design                   Leakage Power  Leakage Power     Slack
   -----------------------------------------------------------------
   fifo1_sramb                  0.00       1169059584.00  -1169059584.00
                                                                    (VIOLATED)


1
