 
****************************************
Report : constraint
        -all_violators
Design : fifo1_srama
Version: Q-2019.12-SP3
Date   : Thu Jan 26 19:11:48 2023
****************************************


   max_delay/setup ('INPUTS' group)

                             Required        Actual
   Endpoint                 Path Delay     Path Delay        Slack
   -----------------------------------------------------------------
   wptr_full/wfull_reg/D        1.77           2.63 r        -0.86  (VIOLATED)
   rptr_empty/rempty_reg/D      1.78           2.63 r        -0.85  (VIOLATED)
   wptr_full/wptr_reg_5_/D      1.77           2.40 r        -0.63  (VIOLATED)
   wptr_full/wptr_reg_4_/D      1.77           2.40 r        -0.63  (VIOLATED)
   rptr_empty/rptr_reg_8_/D     1.77           2.38 r        -0.62  (VIOLATED)
   wptr_full/wptr_reg_3_/D      1.77           2.38 r        -0.61  (VIOLATED)
   wptr_full/wptr_reg_0_/D      1.77           2.38 r        -0.61  (VIOLATED)
   wptr_full/wptr_reg_2_/D      1.77           2.38 r        -0.61  (VIOLATED)
   wptr_full/wptr_reg_7_/D      1.77           2.37 r        -0.60  (VIOLATED)
   wptr_full/wptr_reg_1_/D      1.77           2.37 r        -0.60  (VIOLATED)
   wptr_full/wbin_reg_10_/D     1.81           2.40 f        -0.60  (VIOLATED)
   wptr_full/wptr_reg_6_/D      1.77           2.36 r        -0.60  (VIOLATED)
   rptr_empty/rptr_reg_4_/D     1.77           2.36 r        -0.59  (VIOLATED)
   rptr_empty/rptr_reg_2_/D     1.77           2.36 r        -0.59  (VIOLATED)
   rptr_empty/rptr_reg_7_/D     1.77           2.36 r        -0.59  (VIOLATED)
   rptr_empty/rptr_reg_6_/D     1.77           2.36 r        -0.59  (VIOLATED)
   rptr_empty/rptr_reg_5_/D     1.77           2.36 r        -0.59  (VIOLATED)
   rptr_empty/rptr_reg_1_/D     1.77           2.35 r        -0.59  (VIOLATED)
   rptr_empty/rptr_reg_3_/D     1.77           2.35 r        -0.59  (VIOLATED)
   wptr_full/wptr_reg_9_/D      1.77           2.35 r        -0.58  (VIOLATED)
   rptr_empty/rptr_reg_0_/D     1.77           2.35 r        -0.58  (VIOLATED)
   wptr_full/wbin_reg_7_/D      1.77           2.35 r        -0.58  (VIOLATED)
   rptr_empty/rptr_reg_9_/D     1.77           2.34 r        -0.57  (VIOLATED)
   wptr_full/wptr_reg_8_/D      1.77           2.33 r        -0.56  (VIOLATED)
   wptr_full/wbin_reg_6_/D      1.77           2.32 r        -0.54  (VIOLATED)
   rptr_empty/rbin_reg_10_/D
                                1.80           2.32 f        -0.51  (VIOLATED)
   wptr_full/wbin_reg_4_/D      1.77           2.28 r        -0.51  (VIOLATED)
   wptr_full/wbin_reg_8_/D      1.81           2.32 f        -0.51  (VIOLATED)
   wptr_full/wbin_reg_5_/D      1.77           2.28 r        -0.51  (VIOLATED)
   wptr_full/wbin_reg_9_/D      1.77           2.28 r        -0.51  (VIOLATED)
   rptr_empty/rbin_reg_9_/D     1.77           2.28 r        -0.51  (VIOLATED)
   wptr_full/wbin_reg_0_/D      1.77           2.27 r        -0.50  (VIOLATED)
   wptr_full/wbin_reg_3_/D      1.77           2.27 r        -0.50  (VIOLATED)
   rptr_empty/rbin_reg_5_/D     1.77           2.27 r        -0.50  (VIOLATED)
   rptr_empty/rbin_reg_8_/D     1.77           2.27 r        -0.50  (VIOLATED)
   rptr_empty/rbin_reg_7_/D     1.77           2.26 r        -0.49  (VIOLATED)
   rptr_empty/rbin_reg_4_/D     1.77           2.26 r        -0.49  (VIOLATED)
   rptr_empty/rbin_reg_3_/D     1.77           2.26 r        -0.49  (VIOLATED)
   rptr_empty/rbin_reg_6_/D     1.77           2.26 r        -0.49  (VIOLATED)
   rptr_empty/rbin_reg_1_/D     1.77           2.26 r        -0.49  (VIOLATED)
   wptr_full/wbin_reg_1_/D      1.77           2.26 r        -0.49  (VIOLATED)
   wptr_full/wbin_reg_2_/D      1.77           2.25 r        -0.48  (VIOLATED)
   rptr_empty/rbin_reg_2_/D     1.77           2.23 r        -0.46  (VIOLATED)
   rptr_empty/rbin_reg_0_/D     1.77           2.22 r        -0.46  (VIOLATED)
   wdata_reg_0_/D               0.86           1.21 f        -0.35  (VIOLATED)
   wdata_reg_1_/D               0.86           1.21 f        -0.35  (VIOLATED)
   wdata_reg_2_/D               0.86           1.21 f        -0.35  (VIOLATED)
   wdata_reg_3_/D               0.86           1.21 f        -0.35  (VIOLATED)
   wdata_reg_4_/D               0.86           1.21 f        -0.35  (VIOLATED)
   wdata_reg_5_/D               0.86           1.21 f        -0.35  (VIOLATED)
   wdata_reg_6_/D               0.86           1.21 f        -0.35  (VIOLATED)
   wdata_reg_7_/D               0.86           1.21 f        -0.35  (VIOLATED)


   max_delay/setup ('OUTPUTS' group)

                             Required        Actual
   Endpoint                 Path Delay     Path Delay        Slack
   -----------------------------------------------------------------
   rdata[0]                     0.90           1.91 f        -1.01  (VIOLATED)
   rdata[1]                     0.90           1.91 f        -1.01  (VIOLATED)
   rdata[2]                     0.90           1.91 f        -1.01  (VIOLATED)
   rdata[3]                     0.90           1.91 f        -1.01  (VIOLATED)
   rdata[4]                     0.90           1.91 f        -1.01  (VIOLATED)
   rdata[5]                     0.90           1.91 f        -1.01  (VIOLATED)
   rdata[6]                     0.90           1.91 f        -1.01  (VIOLATED)
   rdata[7]                     0.90           1.91 f        -1.01  (VIOLATED)
   rempty                       0.90           1.79 f        -0.89  (VIOLATED)
   wfull                        0.90           1.76 f        -0.86  (VIOLATED)


   min_delay/hold ('rclk' group)

                             Required        Actual
   Endpoint                 Path Delay     Path Delay        Slack
   -----------------------------------------------------------------
   fifomem/genblk1_0__U/A2[3]
                                0.66           0.31 f        -0.35  (VIOLATED)
   fifomem/genblk1_1__U/A2[3]
                                0.66           0.31 f        -0.35  (VIOLATED)
   fifomem/genblk1_2__U/A2[3]
                                0.66           0.31 f        -0.35  (VIOLATED)
   fifomem/genblk1_3__U/A2[3]
                                0.66           0.31 f        -0.35  (VIOLATED)
   fifomem/genblk1_4__U/A2[3]
                                0.66           0.31 f        -0.35  (VIOLATED)
   fifomem/genblk1_5__U/A2[3]
                                0.66           0.31 f        -0.35  (VIOLATED)
   fifomem/genblk1_6__U/A2[3]
                                0.66           0.31 f        -0.35  (VIOLATED)
   fifomem/genblk1_7__U/A2[3]
                                0.66           0.31 f        -0.35  (VIOLATED)
   fifomem/genblk1_0__U/A2[1]
                                0.66           0.32 f        -0.35  (VIOLATED)
   fifomem/genblk1_1__U/A2[1]
                                0.66           0.32 f        -0.35  (VIOLATED)
   fifomem/genblk1_2__U/A2[1]
                                0.66           0.32 f        -0.35  (VIOLATED)
   fifomem/genblk1_3__U/A2[1]
                                0.66           0.32 f        -0.35  (VIOLATED)
   fifomem/genblk1_4__U/A2[1]
                                0.66           0.32 f        -0.35  (VIOLATED)
   fifomem/genblk1_5__U/A2[1]
                                0.66           0.32 f        -0.35  (VIOLATED)
   fifomem/genblk1_6__U/A2[1]
                                0.66           0.32 f        -0.35  (VIOLATED)
   fifomem/genblk1_7__U/A2[1]
                                0.66           0.32 f        -0.35  (VIOLATED)
   fifomem/genblk1_0__U/A2[5]
                                0.66           0.32 f        -0.35  (VIOLATED)
   fifomem/genblk1_1__U/A2[5]
                                0.66           0.32 f        -0.35  (VIOLATED)
   fifomem/genblk1_2__U/A2[5]
                                0.66           0.32 f        -0.35  (VIOLATED)
   fifomem/genblk1_3__U/A2[5]
                                0.66           0.32 f        -0.35  (VIOLATED)
   fifomem/genblk1_4__U/A2[5]
                                0.66           0.32 f        -0.35  (VIOLATED)
   fifomem/genblk1_5__U/A2[5]
                                0.66           0.32 f        -0.35  (VIOLATED)
   fifomem/genblk1_6__U/A2[5]
                                0.66           0.32 f        -0.35  (VIOLATED)
   fifomem/genblk1_7__U/A2[5]
                                0.66           0.32 f        -0.35  (VIOLATED)
   fifomem/genblk1_0__U/A2[6]
                                0.66           0.32 f        -0.34  (VIOLATED)
   fifomem/genblk1_1__U/A2[6]
                                0.66           0.32 f        -0.34  (VIOLATED)
   fifomem/genblk1_2__U/A2[6]
                                0.66           0.32 f        -0.34  (VIOLATED)
   fifomem/genblk1_3__U/A2[6]
                                0.66           0.32 f        -0.34  (VIOLATED)
   fifomem/genblk1_4__U/A2[6]
                                0.66           0.32 f        -0.34  (VIOLATED)
   fifomem/genblk1_5__U/A2[6]
                                0.66           0.32 f        -0.34  (VIOLATED)
   fifomem/genblk1_6__U/A2[6]
                                0.66           0.32 f        -0.34  (VIOLATED)
   fifomem/genblk1_7__U/A2[6]
                                0.66           0.32 f        -0.34  (VIOLATED)
   fifomem/genblk1_0__U/A2[4]
                                0.66           0.32 f        -0.34  (VIOLATED)
   fifomem/genblk1_1__U/A2[4]
                                0.66           0.32 f        -0.34  (VIOLATED)
   fifomem/genblk1_2__U/A2[4]
                                0.66           0.32 f        -0.34  (VIOLATED)
   fifomem/genblk1_3__U/A2[4]
                                0.66           0.32 f        -0.34  (VIOLATED)
   fifomem/genblk1_4__U/A2[4]
                                0.66           0.32 f        -0.34  (VIOLATED)
   fifomem/genblk1_5__U/A2[4]
                                0.66           0.32 f        -0.34  (VIOLATED)
   fifomem/genblk1_6__U/A2[4]
                                0.66           0.32 f        -0.34  (VIOLATED)
   fifomem/genblk1_7__U/A2[4]
                                0.66           0.32 f        -0.34  (VIOLATED)
   fifomem/genblk1_0__U/A2[0]
                                0.66           0.32 f        -0.34  (VIOLATED)
   fifomem/genblk1_1__U/A2[0]
                                0.66           0.32 f        -0.34  (VIOLATED)
   fifomem/genblk1_2__U/A2[0]
                                0.66           0.32 f        -0.34  (VIOLATED)
   fifomem/genblk1_3__U/A2[0]
                                0.66           0.32 f        -0.34  (VIOLATED)
   fifomem/genblk1_4__U/A2[0]
                                0.66           0.32 f        -0.34  (VIOLATED)
   fifomem/genblk1_5__U/A2[0]
                                0.66           0.32 f        -0.34  (VIOLATED)
   fifomem/genblk1_6__U/A2[0]
                                0.66           0.32 f        -0.34  (VIOLATED)
   fifomem/genblk1_7__U/A2[0]
                                0.66           0.32 f        -0.34  (VIOLATED)
   fifomem/genblk1_0__U/A2[2]
                                0.66           0.32 f        -0.34  (VIOLATED)
   fifomem/genblk1_1__U/A2[2]
                                0.66           0.32 f        -0.34  (VIOLATED)
   fifomem/genblk1_2__U/A2[2]
                                0.66           0.32 f        -0.34  (VIOLATED)
   fifomem/genblk1_3__U/A2[2]
                                0.66           0.32 f        -0.34  (VIOLATED)
   fifomem/genblk1_4__U/A2[2]
                                0.66           0.32 f        -0.34  (VIOLATED)
   fifomem/genblk1_5__U/A2[2]
                                0.66           0.32 f        -0.34  (VIOLATED)
   fifomem/genblk1_6__U/A2[2]
                                0.66           0.32 f        -0.34  (VIOLATED)
   fifomem/genblk1_7__U/A2[2]
                                0.66           0.32 f        -0.34  (VIOLATED)


   min_delay/hold ('wclk' group)

                             Required        Actual
   Endpoint                 Path Delay     Path Delay        Slack
   -----------------------------------------------------------------
   fifomem/genblk1_0__U/I1[0]
                                0.67           0.29 f        -0.37  (VIOLATED)
   fifomem/genblk1_0__U/I1[1]
                                0.67           0.29 f        -0.37  (VIOLATED)
   fifomem/genblk1_0__U/I1[2]
                                0.67           0.29 f        -0.37  (VIOLATED)
   fifomem/genblk1_0__U/I1[3]
                                0.67           0.29 f        -0.37  (VIOLATED)
   fifomem/genblk1_0__U/I1[4]
                                0.67           0.29 f        -0.37  (VIOLATED)
   fifomem/genblk1_0__U/I1[5]
                                0.67           0.29 f        -0.37  (VIOLATED)
   fifomem/genblk1_0__U/I1[6]
                                0.67           0.29 f        -0.37  (VIOLATED)
   fifomem/genblk1_0__U/I1[7]
                                0.67           0.29 f        -0.37  (VIOLATED)
   fifomem/genblk1_1__U/I1[0]
                                0.67           0.29 f        -0.37  (VIOLATED)
   fifomem/genblk1_1__U/I1[1]
                                0.67           0.29 f        -0.37  (VIOLATED)
   fifomem/genblk1_1__U/I1[2]
                                0.67           0.29 f        -0.37  (VIOLATED)
   fifomem/genblk1_1__U/I1[3]
                                0.67           0.29 f        -0.37  (VIOLATED)
   fifomem/genblk1_1__U/I1[4]
                                0.67           0.29 f        -0.37  (VIOLATED)
   fifomem/genblk1_1__U/I1[5]
                                0.67           0.29 f        -0.37  (VIOLATED)
   fifomem/genblk1_1__U/I1[6]
                                0.67           0.29 f        -0.37  (VIOLATED)
   fifomem/genblk1_1__U/I1[7]
                                0.67           0.29 f        -0.37  (VIOLATED)
   fifomem/genblk1_2__U/I1[0]
                                0.67           0.29 f        -0.37  (VIOLATED)
   fifomem/genblk1_2__U/I1[1]
                                0.67           0.29 f        -0.37  (VIOLATED)
   fifomem/genblk1_2__U/I1[2]
                                0.67           0.29 f        -0.37  (VIOLATED)
   fifomem/genblk1_2__U/I1[3]
                                0.67           0.29 f        -0.37  (VIOLATED)
   fifomem/genblk1_2__U/I1[4]
                                0.67           0.29 f        -0.37  (VIOLATED)
   fifomem/genblk1_2__U/I1[5]
                                0.67           0.29 f        -0.37  (VIOLATED)
   fifomem/genblk1_2__U/I1[6]
                                0.67           0.29 f        -0.37  (VIOLATED)
   fifomem/genblk1_2__U/I1[7]
                                0.67           0.29 f        -0.37  (VIOLATED)
   fifomem/genblk1_3__U/I1[0]
                                0.67           0.29 f        -0.37  (VIOLATED)
   fifomem/genblk1_3__U/I1[1]
                                0.67           0.29 f        -0.37  (VIOLATED)
   fifomem/genblk1_3__U/I1[2]
                                0.67           0.29 f        -0.37  (VIOLATED)
   fifomem/genblk1_3__U/I1[3]
                                0.67           0.29 f        -0.37  (VIOLATED)
   fifomem/genblk1_3__U/I1[4]
                                0.67           0.29 f        -0.37  (VIOLATED)
   fifomem/genblk1_3__U/I1[5]
                                0.67           0.29 f        -0.37  (VIOLATED)
   fifomem/genblk1_3__U/I1[6]
                                0.67           0.29 f        -0.37  (VIOLATED)
   fifomem/genblk1_3__U/I1[7]
                                0.67           0.29 f        -0.37  (VIOLATED)
   fifomem/genblk1_4__U/I1[0]
                                0.67           0.29 f        -0.37  (VIOLATED)
   fifomem/genblk1_4__U/I1[1]
                                0.67           0.29 f        -0.37  (VIOLATED)
   fifomem/genblk1_4__U/I1[2]
                                0.67           0.29 f        -0.37  (VIOLATED)
   fifomem/genblk1_4__U/I1[3]
                                0.67           0.29 f        -0.37  (VIOLATED)
   fifomem/genblk1_4__U/I1[4]
                                0.67           0.29 f        -0.37  (VIOLATED)
   fifomem/genblk1_4__U/I1[5]
                                0.67           0.29 f        -0.37  (VIOLATED)
   fifomem/genblk1_4__U/I1[6]
                                0.67           0.29 f        -0.37  (VIOLATED)
   fifomem/genblk1_4__U/I1[7]
                                0.67           0.29 f        -0.37  (VIOLATED)
   fifomem/genblk1_5__U/I1[0]
                                0.67           0.29 f        -0.37  (VIOLATED)
   fifomem/genblk1_5__U/I1[1]
                                0.67           0.29 f        -0.37  (VIOLATED)
   fifomem/genblk1_5__U/I1[2]
                                0.67           0.29 f        -0.37  (VIOLATED)
   fifomem/genblk1_5__U/I1[3]
                                0.67           0.29 f        -0.37  (VIOLATED)
   fifomem/genblk1_5__U/I1[4]
                                0.67           0.29 f        -0.37  (VIOLATED)
   fifomem/genblk1_5__U/I1[5]
                                0.67           0.29 f        -0.37  (VIOLATED)
   fifomem/genblk1_5__U/I1[6]
                                0.67           0.29 f        -0.37  (VIOLATED)
   fifomem/genblk1_5__U/I1[7]
                                0.67           0.29 f        -0.37  (VIOLATED)
   fifomem/genblk1_6__U/I1[0]
                                0.67           0.29 f        -0.37  (VIOLATED)
   fifomem/genblk1_6__U/I1[1]
                                0.67           0.29 f        -0.37  (VIOLATED)
   fifomem/genblk1_6__U/I1[2]
                                0.67           0.29 f        -0.37  (VIOLATED)
   fifomem/genblk1_6__U/I1[3]
                                0.67           0.29 f        -0.37  (VIOLATED)
   fifomem/genblk1_6__U/I1[4]
                                0.67           0.29 f        -0.37  (VIOLATED)
   fifomem/genblk1_6__U/I1[5]
                                0.67           0.29 f        -0.37  (VIOLATED)
   fifomem/genblk1_6__U/I1[6]
                                0.67           0.29 f        -0.37  (VIOLATED)
   fifomem/genblk1_6__U/I1[7]
                                0.67           0.29 f        -0.37  (VIOLATED)
   fifomem/genblk1_7__U/I1[0]
                                0.67           0.29 f        -0.37  (VIOLATED)
   fifomem/genblk1_7__U/I1[1]
                                0.67           0.29 f        -0.37  (VIOLATED)
   fifomem/genblk1_7__U/I1[2]
                                0.67           0.29 f        -0.37  (VIOLATED)
   fifomem/genblk1_7__U/I1[3]
                                0.67           0.29 f        -0.37  (VIOLATED)
   fifomem/genblk1_7__U/I1[4]
                                0.67           0.29 f        -0.37  (VIOLATED)
   fifomem/genblk1_7__U/I1[5]
                                0.67           0.29 f        -0.37  (VIOLATED)
   fifomem/genblk1_7__U/I1[6]
                                0.67           0.29 f        -0.37  (VIOLATED)
   fifomem/genblk1_7__U/I1[7]
                                0.67           0.29 f        -0.37  (VIOLATED)
   fifomem/genblk1_0__U/A1[6]
                                0.66           0.31 f        -0.35  (VIOLATED)
   fifomem/genblk1_1__U/A1[6]
                                0.66           0.31 f        -0.35  (VIOLATED)
   fifomem/genblk1_2__U/A1[6]
                                0.66           0.31 f        -0.35  (VIOLATED)
   fifomem/genblk1_3__U/A1[6]
                                0.66           0.31 f        -0.35  (VIOLATED)
   fifomem/genblk1_4__U/A1[6]
                                0.66           0.31 f        -0.35  (VIOLATED)
   fifomem/genblk1_5__U/A1[6]
                                0.66           0.31 f        -0.35  (VIOLATED)
   fifomem/genblk1_6__U/A1[6]
                                0.66           0.31 f        -0.35  (VIOLATED)
   fifomem/genblk1_7__U/A1[6]
                                0.66           0.31 f        -0.35  (VIOLATED)
   fifomem/genblk1_0__U/A1[0]
                                0.66           0.31 f        -0.35  (VIOLATED)
   fifomem/genblk1_0__U/A1[2]
                                0.66           0.31 f        -0.35  (VIOLATED)
   fifomem/genblk1_0__U/A1[3]
                                0.66           0.31 f        -0.35  (VIOLATED)
   fifomem/genblk1_1__U/A1[0]
                                0.66           0.31 f        -0.35  (VIOLATED)
   fifomem/genblk1_1__U/A1[2]
                                0.66           0.31 f        -0.35  (VIOLATED)
   fifomem/genblk1_1__U/A1[3]
                                0.66           0.31 f        -0.35  (VIOLATED)
   fifomem/genblk1_2__U/A1[0]
                                0.66           0.31 f        -0.35  (VIOLATED)
   fifomem/genblk1_2__U/A1[2]
                                0.66           0.31 f        -0.35  (VIOLATED)
   fifomem/genblk1_2__U/A1[3]
                                0.66           0.31 f        -0.35  (VIOLATED)
   fifomem/genblk1_3__U/A1[0]
                                0.66           0.31 f        -0.35  (VIOLATED)
   fifomem/genblk1_3__U/A1[2]
                                0.66           0.31 f        -0.35  (VIOLATED)
   fifomem/genblk1_3__U/A1[3]
                                0.66           0.31 f        -0.35  (VIOLATED)
   fifomem/genblk1_4__U/A1[0]
                                0.66           0.31 f        -0.35  (VIOLATED)
   fifomem/genblk1_4__U/A1[2]
                                0.66           0.31 f        -0.35  (VIOLATED)
   fifomem/genblk1_4__U/A1[3]
                                0.66           0.31 f        -0.35  (VIOLATED)
   fifomem/genblk1_5__U/A1[0]
                                0.66           0.31 f        -0.35  (VIOLATED)
   fifomem/genblk1_5__U/A1[2]
                                0.66           0.31 f        -0.35  (VIOLATED)
   fifomem/genblk1_5__U/A1[3]
                                0.66           0.31 f        -0.35  (VIOLATED)
   fifomem/genblk1_6__U/A1[0]
                                0.66           0.31 f        -0.35  (VIOLATED)
   fifomem/genblk1_6__U/A1[2]
                                0.66           0.31 f        -0.35  (VIOLATED)
   fifomem/genblk1_6__U/A1[3]
                                0.66           0.31 f        -0.35  (VIOLATED)
   fifomem/genblk1_7__U/A1[0]
                                0.66           0.31 f        -0.35  (VIOLATED)
   fifomem/genblk1_7__U/A1[2]
                                0.66           0.31 f        -0.35  (VIOLATED)
   fifomem/genblk1_7__U/A1[3]
                                0.66           0.31 f        -0.35  (VIOLATED)
   fifomem/genblk1_0__U/A1[4]
                                0.66           0.32 f        -0.35  (VIOLATED)
   fifomem/genblk1_1__U/A1[4]
                                0.66           0.32 f        -0.35  (VIOLATED)
   fifomem/genblk1_2__U/A1[4]
                                0.66           0.32 f        -0.35  (VIOLATED)
   fifomem/genblk1_3__U/A1[4]
                                0.66           0.32 f        -0.35  (VIOLATED)
   fifomem/genblk1_4__U/A1[4]
                                0.66           0.32 f        -0.35  (VIOLATED)
   fifomem/genblk1_5__U/A1[4]
                                0.66           0.32 f        -0.35  (VIOLATED)
   fifomem/genblk1_6__U/A1[4]
                                0.66           0.32 f        -0.35  (VIOLATED)
   fifomem/genblk1_7__U/A1[4]
                                0.66           0.32 f        -0.35  (VIOLATED)
   fifomem/genblk1_0__U/A1[1]
                                0.66           0.32 f        -0.35  (VIOLATED)
   fifomem/genblk1_1__U/A1[1]
                                0.66           0.32 f        -0.35  (VIOLATED)
   fifomem/genblk1_2__U/A1[1]
                                0.66           0.32 f        -0.35  (VIOLATED)
   fifomem/genblk1_3__U/A1[1]
                                0.66           0.32 f        -0.35  (VIOLATED)
   fifomem/genblk1_4__U/A1[1]
                                0.66           0.32 f        -0.35  (VIOLATED)
   fifomem/genblk1_5__U/A1[1]
                                0.66           0.32 f        -0.35  (VIOLATED)
   fifomem/genblk1_6__U/A1[1]
                                0.66           0.32 f        -0.35  (VIOLATED)
   fifomem/genblk1_7__U/A1[1]
                                0.66           0.32 f        -0.35  (VIOLATED)
   fifomem/genblk1_0__U/A1[5]
                                0.66           0.32 f        -0.34  (VIOLATED)
   fifomem/genblk1_1__U/A1[5]
                                0.66           0.32 f        -0.34  (VIOLATED)
   fifomem/genblk1_2__U/A1[5]
                                0.66           0.32 f        -0.34  (VIOLATED)
   fifomem/genblk1_3__U/A1[5]
                                0.66           0.32 f        -0.34  (VIOLATED)
   fifomem/genblk1_4__U/A1[5]
                                0.66           0.32 f        -0.34  (VIOLATED)
   fifomem/genblk1_5__U/A1[5]
                                0.66           0.32 f        -0.34  (VIOLATED)
   fifomem/genblk1_6__U/A1[5]
                                0.66           0.32 f        -0.34  (VIOLATED)
   fifomem/genblk1_7__U/A1[5]
                                0.66           0.32 f        -0.34  (VIOLATED)


   max_transition

                             Required        Actual
   Net                      Transition     Transition        Slack
   -----------------------------------------------------------------
   rempty                       0.50           0.89          -0.39  (VIOLATED)
       PORT :  rempty           0.50           0.89          -0.39  (VIOLATED)
   wfull                        0.50           0.89          -0.39  (VIOLATED)
       PORT :  wfull            0.50           0.89          -0.39  (VIOLATED)
   rdata[0]                     0.50           0.89          -0.39  (VIOLATED)
       PORT :  rdata[0]         0.50           0.89          -0.39  (VIOLATED)
   rdata[1]                     0.50           0.89          -0.39  (VIOLATED)
       PORT :  rdata[1]         0.50           0.89          -0.39  (VIOLATED)
   rdata[2]                     0.50           0.89          -0.39  (VIOLATED)
       PORT :  rdata[2]         0.50           0.89          -0.39  (VIOLATED)
   rdata[3]                     0.50           0.89          -0.39  (VIOLATED)
       PORT :  rdata[3]         0.50           0.89          -0.39  (VIOLATED)
   rdata[4]                     0.50           0.89          -0.39  (VIOLATED)
       PORT :  rdata[4]         0.50           0.89          -0.39  (VIOLATED)
   rdata[5]                     0.50           0.89          -0.39  (VIOLATED)
       PORT :  rdata[5]         0.50           0.89          -0.39  (VIOLATED)
   rdata[6]                     0.50           0.89          -0.39  (VIOLATED)
       PORT :  rdata[6]         0.50           0.89          -0.39  (VIOLATED)
   rdata[7]                     0.50           0.89          -0.39  (VIOLATED)
       PORT :  rdata[7]         0.50           0.89          -0.39  (VIOLATED)
   n10                          0.39           0.71          -0.32  (VIOLATED)
       PIN :   io_b_rinc/PADIO
                                0.50           0.71          -0.21  (VIOLATED)
       PIN :   U39/Y            0.39           0.71          -0.32  (VIOLATED)
   n27                          0.39           0.71          -0.32  (VIOLATED)
       PIN :   io_b_winc/PADIO
                                0.50           0.71          -0.21  (VIOLATED)
       PIN :   U56/Y            0.39           0.71          -0.32  (VIOLATED)
   n11                          0.39           0.66          -0.27  (VIOLATED)
       PIN :   io_r_wdata_in_0_/PADIO
                                0.50           0.66          -0.16  (VIOLATED)
       PIN :   U41/Y            0.39           0.66          -0.27  (VIOLATED)
   n12                          0.39           0.66          -0.27  (VIOLATED)
       PIN :   io_r_wdata_in_1_/PADIO
                                0.50           0.66          -0.16  (VIOLATED)
       PIN :   U43/Y            0.39           0.66          -0.27  (VIOLATED)
   n13                          0.39           0.66          -0.27  (VIOLATED)
       PIN :   io_r_wdata_in_2_/PADIO
                                0.50           0.66          -0.16  (VIOLATED)
       PIN :   U45/Y            0.39           0.66          -0.27  (VIOLATED)
   n14                          0.39           0.66          -0.27  (VIOLATED)
       PIN :   io_r_wdata_in_3_/PADIO
                                0.50           0.66          -0.16  (VIOLATED)
       PIN :   U47/Y            0.39           0.66          -0.27  (VIOLATED)
   n15                          0.39           0.66          -0.27  (VIOLATED)
       PIN :   io_r_wdata_in_4_/PADIO
                                0.50           0.66          -0.16  (VIOLATED)
       PIN :   U49/Y            0.39           0.66          -0.27  (VIOLATED)
   n16                          0.39           0.66          -0.27  (VIOLATED)
       PIN :   io_r_wdata_in_5_/PADIO
                                0.50           0.66          -0.16  (VIOLATED)
       PIN :   U51/Y            0.39           0.66          -0.27  (VIOLATED)
   n17                          0.39           0.66          -0.27  (VIOLATED)
       PIN :   io_r_wdata_in_7_/PADIO
                                0.50           0.66          -0.16  (VIOLATED)
       PIN :   U53/Y            0.39           0.66          -0.27  (VIOLATED)
   n18                          0.39           0.66          -0.27  (VIOLATED)
       PIN :   io_r_wdata_in_6_/PADIO
                                0.50           0.66          -0.16  (VIOLATED)
       PIN :   U55/Y            0.39           0.66          -0.27  (VIOLATED)

   -----------------------------------------------------------------
   Total                      20                 -6.77  

   max_capacitance

                             Required        Actual
   Net                      Capacitance    Capacitance       Slack
   -----------------------------------------------------------------
   n10                        168.00        2540.00       -2372.00  (VIOLATED)
   n11                        168.00        2540.00       -2372.00  (VIOLATED)
   n12                        168.00        2540.00       -2372.00  (VIOLATED)
   n13                        168.00        2540.00       -2372.00  (VIOLATED)
   n14                        168.00        2540.00       -2372.00  (VIOLATED)
   n15                        168.00        2540.00       -2372.00  (VIOLATED)
   n16                        168.00        2540.00       -2372.00  (VIOLATED)
   n17                        168.00        2540.00       -2372.00  (VIOLATED)
   n18                        168.00        2540.00       -2372.00  (VIOLATED)
   n27                        168.00        2540.00       -2372.00  (VIOLATED)
   fifomem/n31                  0.03           0.51          -0.48  (VIOLATED)
   fifomem/n33                  0.03           0.51          -0.48  (VIOLATED)
   fifomem/n43                  0.03           0.51          -0.48  (VIOLATED)
   fifomem/n44                  0.03           0.51          -0.48  (VIOLATED)
   fifomem/n51                  0.03           0.51          -0.48  (VIOLATED)
   fifomem/n52                  0.03           0.51          -0.48  (VIOLATED)
   fifomem/n59                  0.03           0.51          -0.48  (VIOLATED)
   fifomem/n60                  0.03           0.51          -0.48  (VIOLATED)
   fifomem/n67                  0.03           0.51          -0.48  (VIOLATED)
   fifomem/n68                  0.03           0.51          -0.48  (VIOLATED)
   fifomem/n75                  0.03           0.51          -0.48  (VIOLATED)
   fifomem/n76                  0.03           0.51          -0.48  (VIOLATED)
   fifomem/n83                  0.03           0.51          -0.48  (VIOLATED)
   fifomem/n84                  0.03           0.51          -0.48  (VIOLATED)
   fifomem/n87                  0.03           0.51          -0.48  (VIOLATED)
   fifomem/n89                  0.03           0.51          -0.48  (VIOLATED)
   fifomem/n32                  0.03           0.49          -0.47  (VIOLATED)
   fifomem/n34                  0.03           0.49          -0.47  (VIOLATED)
   fifomem/n37                  0.03           0.49          -0.47  (VIOLATED)
   fifomem/n40                  0.03           0.49          -0.47  (VIOLATED)
   fifomem/n45                  0.03           0.49          -0.47  (VIOLATED)
   fifomem/n48                  0.03           0.49          -0.47  (VIOLATED)
   fifomem/n53                  0.03           0.49          -0.47  (VIOLATED)
   fifomem/n56                  0.03           0.49          -0.47  (VIOLATED)
   fifomem/n61                  0.03           0.49          -0.47  (VIOLATED)
   fifomem/n64                  0.03           0.49          -0.47  (VIOLATED)
   fifomem/n69                  0.03           0.49          -0.47  (VIOLATED)
   fifomem/n72                  0.03           0.49          -0.47  (VIOLATED)
   fifomem/n77                  0.03           0.49          -0.47  (VIOLATED)
   fifomem/n80                  0.03           0.49          -0.47  (VIOLATED)
   fifomem/n88                  0.03           0.49          -0.47  (VIOLATED)
   fifomem/n90                  0.03           0.49          -0.47  (VIOLATED)
   fifomem/n30                  0.03           0.48          -0.46  (VIOLATED)
   fifomem/n35                  0.03           0.48          -0.46  (VIOLATED)
   fifomem/n38                  0.03           0.48          -0.46  (VIOLATED)
   fifomem/n39                  0.03           0.48          -0.46  (VIOLATED)
   fifomem/n46                  0.03           0.48          -0.46  (VIOLATED)
   fifomem/n47                  0.03           0.48          -0.46  (VIOLATED)
   fifomem/n54                  0.03           0.48          -0.46  (VIOLATED)
   fifomem/n55                  0.03           0.48          -0.46  (VIOLATED)
   fifomem/n62                  0.03           0.48          -0.46  (VIOLATED)
   fifomem/n63                  0.03           0.48          -0.46  (VIOLATED)
   fifomem/n70                  0.03           0.48          -0.46  (VIOLATED)
   fifomem/n71                  0.03           0.48          -0.46  (VIOLATED)
   fifomem/n78                  0.03           0.48          -0.46  (VIOLATED)
   fifomem/n79                  0.03           0.48          -0.46  (VIOLATED)
   fifomem/n86                  0.03           0.48          -0.46  (VIOLATED)
   fifomem/n91                  0.03           0.48          -0.46  (VIOLATED)
   fifomem/n29                  0.03           0.47          -0.45  (VIOLATED)
   fifomem/n36                  0.03           0.47          -0.45  (VIOLATED)
   fifomem/n41                  0.03           0.47          -0.45  (VIOLATED)
   fifomem/n42                  0.03           0.47          -0.45  (VIOLATED)
   fifomem/n49                  0.03           0.47          -0.45  (VIOLATED)
   fifomem/n50                  0.03           0.47          -0.45  (VIOLATED)
   fifomem/n57                  0.03           0.47          -0.45  (VIOLATED)
   fifomem/n58                  0.03           0.47          -0.45  (VIOLATED)
   fifomem/n65                  0.03           0.47          -0.45  (VIOLATED)
   fifomem/n66                  0.03           0.47          -0.45  (VIOLATED)
   fifomem/n73                  0.03           0.47          -0.45  (VIOLATED)
   fifomem/n74                  0.03           0.47          -0.45  (VIOLATED)
   fifomem/n81                  0.03           0.47          -0.45  (VIOLATED)
   fifomem/n82                  0.03           0.47          -0.45  (VIOLATED)
   fifomem/n85                  0.03           0.47          -0.45  (VIOLATED)
   fifomem/n92                  0.03           0.47          -0.45  (VIOLATED)

   -----------------------------------------------------------------
   Total                      74              -23749.74 

   max_leakage_power

                             Required        Actual
   Design                   Leakage Power  Leakage Power     Slack
   -----------------------------------------------------------------
   fifo1_srama                  0.00       1153634944.00  -1153634944.00
                                                                    (VIOLATED)


1
