============================================================
  Generated by:           Genus(TM) Synthesis Solution 19.12-s121_1
  Generated on:           Jan 26 2023  08:52:25 pm
  Module:                 fifo1_sramb
  Technology libraries:   saed32io_wb_ss0p95v125c_2p25v 
                          saed32sramlp_ss0p75v125c_i0p75v 1.0000000
                          saed32pll_ss0p95v125c_2p25v 
                          saed32rvt_ss0p95v125c 1.0000000
  Operating conditions:   _nominal_ (balanced_tree)
  Wireload mode:          enclosed
  Area mode:              timing library
============================================================

Timing
--------

 Clock Period 
--------------
rclk    900.0 
wclk    900.0 
wclk2x  450.0 


  Cost    Critical               Violating 
 Group   Path Slack     TNS        Paths   
-------------------------------------------
default    No paths         0.0            
INPUTS      -4928.6   -437288.3         92 
OUTPUTS       -11.1       -21.2          2 
rclk            0.0         0.0          0 
wclk            0.1         0.0          0 
wclk2x     No paths         0.0            
-------------------------------------------
Total                 -437309.5         94 

Instance Count
--------------
Leaf Instance Count             490 
Physical Instance count           0 
Sequential Instance Count       104 
Combinational Instance Count    386 
Hierarchical Instance Count       5 

Area
----
Cell Area                          511538.933
Physical Cell Area                 0.000
Total Cell Area (Cell+Physical)    511538.933
Net Area                           0.000
Total Area (Cell+Physical+Net)     511538.933

Max Fanout                         72 (fifomem/n_27)
Min Fanout                         0 (io_b_wrst_n_net)
Average Fanout                     2.8
Terms to net ratio                 4.3372
Terms to instance ratio            4.5673
Runtime                            52.151757 seconds
Elapsed Runtime                    68 seconds
Genus peak memory usage            1419.47 
Innovus peak memory usage          no_value 
Hostname                           mo.ece.pdx.edu
