 
****************************************
Report : constraint
        -all_violators
Design : fifo1_srama
Version: Q-2019.12-SP3
Date   : Tue Jan 24 19:15:30 2023
****************************************


   min_delay/hold ('INPUTS' group)

                             Required        Actual
   Endpoint                 Path Delay     Path Delay        Slack
   -----------------------------------------------------------------
   wdata_reg_0_/D               0.14           0.10 f        -0.04  (VIOLATED)
   wdata_reg_1_/D               0.14           0.10 f        -0.04  (VIOLATED)
   wdata_reg_2_/D               0.14           0.10 f        -0.04  (VIOLATED)
   wdata_reg_3_/D               0.14           0.10 f        -0.04  (VIOLATED)
   wdata_reg_4_/D               0.14           0.10 f        -0.04  (VIOLATED)
   wdata_reg_5_/D               0.14           0.10 f        -0.04  (VIOLATED)
   wdata_reg_6_/D               0.14           0.10 f        -0.04  (VIOLATED)
   wdata_reg_7_/D               0.14           0.10 f        -0.04  (VIOLATED)


   min_delay/hold ('INTERNAL' group)

                             Required        Actual
   Endpoint                 Path Delay     Path Delay        Slack
   -----------------------------------------------------------------
   fifomem/genblk1_0__U/I1[0]
                                0.56           0.25 f        -0.31  (VIOLATED)
   fifomem/genblk1_0__U/I1[1]
                                0.56           0.25 f        -0.31  (VIOLATED)
   fifomem/genblk1_0__U/I1[2]
                                0.56           0.25 f        -0.31  (VIOLATED)
   fifomem/genblk1_0__U/I1[3]
                                0.56           0.25 f        -0.31  (VIOLATED)
   fifomem/genblk1_0__U/I1[4]
                                0.56           0.25 f        -0.31  (VIOLATED)
   fifomem/genblk1_0__U/I1[5]
                                0.56           0.25 f        -0.31  (VIOLATED)
   fifomem/genblk1_0__U/I1[6]
                                0.56           0.25 f        -0.31  (VIOLATED)
   fifomem/genblk1_0__U/I1[7]
                                0.56           0.25 f        -0.31  (VIOLATED)
   fifomem/genblk1_1__U/I1[0]
                                0.56           0.25 f        -0.31  (VIOLATED)
   fifomem/genblk1_1__U/I1[1]
                                0.56           0.25 f        -0.31  (VIOLATED)
   fifomem/genblk1_1__U/I1[2]
                                0.56           0.25 f        -0.31  (VIOLATED)
   fifomem/genblk1_1__U/I1[3]
                                0.56           0.25 f        -0.31  (VIOLATED)
   fifomem/genblk1_1__U/I1[4]
                                0.56           0.25 f        -0.31  (VIOLATED)
   fifomem/genblk1_1__U/I1[5]
                                0.56           0.25 f        -0.31  (VIOLATED)
   fifomem/genblk1_1__U/I1[6]
                                0.56           0.25 f        -0.31  (VIOLATED)
   fifomem/genblk1_1__U/I1[7]
                                0.56           0.25 f        -0.31  (VIOLATED)
   fifomem/genblk1_2__U/I1[0]
                                0.56           0.25 f        -0.31  (VIOLATED)
   fifomem/genblk1_2__U/I1[1]
                                0.56           0.25 f        -0.31  (VIOLATED)
   fifomem/genblk1_2__U/I1[2]
                                0.56           0.25 f        -0.31  (VIOLATED)
   fifomem/genblk1_2__U/I1[3]
                                0.56           0.25 f        -0.31  (VIOLATED)
   fifomem/genblk1_2__U/I1[4]
                                0.56           0.25 f        -0.31  (VIOLATED)
   fifomem/genblk1_2__U/I1[5]
                                0.56           0.25 f        -0.31  (VIOLATED)
   fifomem/genblk1_2__U/I1[6]
                                0.56           0.25 f        -0.31  (VIOLATED)
   fifomem/genblk1_2__U/I1[7]
                                0.56           0.25 f        -0.31  (VIOLATED)
   fifomem/genblk1_3__U/I1[0]
                                0.56           0.25 f        -0.31  (VIOLATED)
   fifomem/genblk1_3__U/I1[1]
                                0.56           0.25 f        -0.31  (VIOLATED)
   fifomem/genblk1_3__U/I1[2]
                                0.56           0.25 f        -0.31  (VIOLATED)
   fifomem/genblk1_3__U/I1[3]
                                0.56           0.25 f        -0.31  (VIOLATED)
   fifomem/genblk1_3__U/I1[4]
                                0.56           0.25 f        -0.31  (VIOLATED)
   fifomem/genblk1_3__U/I1[5]
                                0.56           0.25 f        -0.31  (VIOLATED)
   fifomem/genblk1_3__U/I1[6]
                                0.56           0.25 f        -0.31  (VIOLATED)
   fifomem/genblk1_3__U/I1[7]
                                0.56           0.25 f        -0.31  (VIOLATED)
   fifomem/genblk1_4__U/I1[0]
                                0.56           0.25 f        -0.31  (VIOLATED)
   fifomem/genblk1_4__U/I1[1]
                                0.56           0.25 f        -0.31  (VIOLATED)
   fifomem/genblk1_4__U/I1[2]
                                0.56           0.25 f        -0.31  (VIOLATED)
   fifomem/genblk1_4__U/I1[3]
                                0.56           0.25 f        -0.31  (VIOLATED)
   fifomem/genblk1_4__U/I1[4]
                                0.56           0.25 f        -0.31  (VIOLATED)
   fifomem/genblk1_4__U/I1[5]
                                0.56           0.25 f        -0.31  (VIOLATED)
   fifomem/genblk1_4__U/I1[6]
                                0.56           0.25 f        -0.31  (VIOLATED)
   fifomem/genblk1_4__U/I1[7]
                                0.56           0.25 f        -0.31  (VIOLATED)
   fifomem/genblk1_5__U/I1[0]
                                0.56           0.25 f        -0.31  (VIOLATED)
   fifomem/genblk1_5__U/I1[1]
                                0.56           0.25 f        -0.31  (VIOLATED)
   fifomem/genblk1_5__U/I1[2]
                                0.56           0.25 f        -0.31  (VIOLATED)
   fifomem/genblk1_5__U/I1[3]
                                0.56           0.25 f        -0.31  (VIOLATED)
   fifomem/genblk1_5__U/I1[4]
                                0.56           0.25 f        -0.31  (VIOLATED)
   fifomem/genblk1_5__U/I1[5]
                                0.56           0.25 f        -0.31  (VIOLATED)
   fifomem/genblk1_5__U/I1[6]
                                0.56           0.25 f        -0.31  (VIOLATED)
   fifomem/genblk1_5__U/I1[7]
                                0.56           0.25 f        -0.31  (VIOLATED)
   fifomem/genblk1_6__U/I1[0]
                                0.56           0.25 f        -0.31  (VIOLATED)
   fifomem/genblk1_6__U/I1[1]
                                0.56           0.25 f        -0.31  (VIOLATED)
   fifomem/genblk1_6__U/I1[2]
                                0.56           0.25 f        -0.31  (VIOLATED)
   fifomem/genblk1_6__U/I1[3]
                                0.56           0.25 f        -0.31  (VIOLATED)
   fifomem/genblk1_6__U/I1[4]
                                0.56           0.25 f        -0.31  (VIOLATED)
   fifomem/genblk1_6__U/I1[5]
                                0.56           0.25 f        -0.31  (VIOLATED)
   fifomem/genblk1_6__U/I1[6]
                                0.56           0.25 f        -0.31  (VIOLATED)
   fifomem/genblk1_6__U/I1[7]
                                0.56           0.25 f        -0.31  (VIOLATED)
   fifomem/genblk1_7__U/I1[0]
                                0.56           0.25 f        -0.31  (VIOLATED)
   fifomem/genblk1_7__U/I1[1]
                                0.56           0.25 f        -0.31  (VIOLATED)
   fifomem/genblk1_7__U/I1[2]
                                0.56           0.25 f        -0.31  (VIOLATED)
   fifomem/genblk1_7__U/I1[3]
                                0.56           0.25 f        -0.31  (VIOLATED)
   fifomem/genblk1_7__U/I1[4]
                                0.56           0.25 f        -0.31  (VIOLATED)
   fifomem/genblk1_7__U/I1[5]
                                0.56           0.25 f        -0.31  (VIOLATED)
   fifomem/genblk1_7__U/I1[6]
                                0.56           0.25 f        -0.31  (VIOLATED)
   fifomem/genblk1_7__U/I1[7]
                                0.56           0.25 f        -0.31  (VIOLATED)
   fifomem/genblk1_0__U/A1[2]
                                0.56           0.25 f        -0.30  (VIOLATED)
   fifomem/genblk1_0__U/A2[5]
                                0.56           0.25 f        -0.30  (VIOLATED)
   fifomem/genblk1_1__U/A1[2]
                                0.56           0.25 f        -0.30  (VIOLATED)
   fifomem/genblk1_1__U/A2[5]
                                0.56           0.25 f        -0.30  (VIOLATED)
   fifomem/genblk1_2__U/A1[2]
                                0.56           0.25 f        -0.30  (VIOLATED)
   fifomem/genblk1_2__U/A2[5]
                                0.56           0.25 f        -0.30  (VIOLATED)
   fifomem/genblk1_3__U/A1[2]
                                0.56           0.25 f        -0.30  (VIOLATED)
   fifomem/genblk1_3__U/A2[5]
                                0.56           0.25 f        -0.30  (VIOLATED)
   fifomem/genblk1_4__U/A1[2]
                                0.56           0.25 f        -0.30  (VIOLATED)
   fifomem/genblk1_4__U/A2[5]
                                0.56           0.25 f        -0.30  (VIOLATED)
   fifomem/genblk1_5__U/A1[2]
                                0.56           0.25 f        -0.30  (VIOLATED)
   fifomem/genblk1_5__U/A2[5]
                                0.56           0.25 f        -0.30  (VIOLATED)
   fifomem/genblk1_6__U/A1[2]
                                0.56           0.25 f        -0.30  (VIOLATED)
   fifomem/genblk1_6__U/A2[5]
                                0.56           0.25 f        -0.30  (VIOLATED)
   fifomem/genblk1_7__U/A1[2]
                                0.56           0.25 f        -0.30  (VIOLATED)
   fifomem/genblk1_7__U/A2[5]
                                0.56           0.25 f        -0.30  (VIOLATED)
   fifomem/genblk1_0__U/A1[3]
                                0.56           0.25 f        -0.30  (VIOLATED)
   fifomem/genblk1_1__U/A1[3]
                                0.56           0.25 f        -0.30  (VIOLATED)
   fifomem/genblk1_2__U/A1[3]
                                0.56           0.25 f        -0.30  (VIOLATED)
   fifomem/genblk1_3__U/A1[3]
                                0.56           0.25 f        -0.30  (VIOLATED)
   fifomem/genblk1_4__U/A1[3]
                                0.56           0.25 f        -0.30  (VIOLATED)
   fifomem/genblk1_5__U/A1[3]
                                0.56           0.25 f        -0.30  (VIOLATED)
   fifomem/genblk1_6__U/A1[3]
                                0.56           0.25 f        -0.30  (VIOLATED)
   fifomem/genblk1_7__U/A1[3]
                                0.56           0.25 f        -0.30  (VIOLATED)
   fifomem/genblk1_0__U/A1[4]
                                0.56           0.25 f        -0.30  (VIOLATED)
   fifomem/genblk1_0__U/A2[3]
                                0.56           0.25 f        -0.30  (VIOLATED)
   fifomem/genblk1_1__U/A1[4]
                                0.56           0.25 f        -0.30  (VIOLATED)
   fifomem/genblk1_1__U/A2[3]
                                0.56           0.25 f        -0.30  (VIOLATED)
   fifomem/genblk1_2__U/A1[4]
                                0.56           0.25 f        -0.30  (VIOLATED)
   fifomem/genblk1_2__U/A2[3]
                                0.56           0.25 f        -0.30  (VIOLATED)
   fifomem/genblk1_3__U/A1[4]
                                0.56           0.25 f        -0.30  (VIOLATED)
   fifomem/genblk1_3__U/A2[3]
                                0.56           0.25 f        -0.30  (VIOLATED)
   fifomem/genblk1_4__U/A1[4]
                                0.56           0.25 f        -0.30  (VIOLATED)
   fifomem/genblk1_4__U/A2[3]
                                0.56           0.25 f        -0.30  (VIOLATED)
   fifomem/genblk1_5__U/A1[4]
                                0.56           0.25 f        -0.30  (VIOLATED)
   fifomem/genblk1_5__U/A2[3]
                                0.56           0.25 f        -0.30  (VIOLATED)
   fifomem/genblk1_6__U/A1[4]
                                0.56           0.25 f        -0.30  (VIOLATED)
   fifomem/genblk1_6__U/A2[3]
                                0.56           0.25 f        -0.30  (VIOLATED)
   fifomem/genblk1_7__U/A1[4]
                                0.56           0.25 f        -0.30  (VIOLATED)
   fifomem/genblk1_7__U/A2[3]
                                0.56           0.25 f        -0.30  (VIOLATED)
   fifomem/genblk1_0__U/A2[6]
                                0.56           0.26 f        -0.30  (VIOLATED)
   fifomem/genblk1_1__U/A2[6]
                                0.56           0.26 f        -0.30  (VIOLATED)
   fifomem/genblk1_2__U/A2[6]
                                0.56           0.26 f        -0.30  (VIOLATED)
   fifomem/genblk1_3__U/A2[6]
                                0.56           0.26 f        -0.30  (VIOLATED)
   fifomem/genblk1_4__U/A2[6]
                                0.56           0.26 f        -0.30  (VIOLATED)
   fifomem/genblk1_5__U/A2[6]
                                0.56           0.26 f        -0.30  (VIOLATED)
   fifomem/genblk1_6__U/A2[6]
                                0.56           0.26 f        -0.30  (VIOLATED)
   fifomem/genblk1_7__U/A2[6]
                                0.56           0.26 f        -0.30  (VIOLATED)
   fifomem/genblk1_0__U/A1[0]
                                0.55           0.26 f        -0.30  (VIOLATED)
   fifomem/genblk1_0__U/A2[0]
                                0.55           0.26 f        -0.30  (VIOLATED)
   fifomem/genblk1_1__U/A1[0]
                                0.55           0.26 f        -0.30  (VIOLATED)
   fifomem/genblk1_1__U/A2[0]
                                0.55           0.26 f        -0.30  (VIOLATED)
   fifomem/genblk1_2__U/A1[0]
                                0.55           0.26 f        -0.30  (VIOLATED)
   fifomem/genblk1_2__U/A2[0]
                                0.55           0.26 f        -0.30  (VIOLATED)
   fifomem/genblk1_3__U/A1[0]
                                0.55           0.26 f        -0.30  (VIOLATED)
   fifomem/genblk1_3__U/A2[0]
                                0.55           0.26 f        -0.30  (VIOLATED)
   fifomem/genblk1_4__U/A1[0]
                                0.55           0.26 f        -0.30  (VIOLATED)
   fifomem/genblk1_4__U/A2[0]
                                0.55           0.26 f        -0.30  (VIOLATED)
   fifomem/genblk1_5__U/A1[0]
                                0.55           0.26 f        -0.30  (VIOLATED)
   fifomem/genblk1_5__U/A2[0]
                                0.55           0.26 f        -0.30  (VIOLATED)
   fifomem/genblk1_6__U/A1[0]
                                0.55           0.26 f        -0.30  (VIOLATED)
   fifomem/genblk1_6__U/A2[0]
                                0.55           0.26 f        -0.30  (VIOLATED)
   fifomem/genblk1_7__U/A1[0]
                                0.55           0.26 f        -0.30  (VIOLATED)
   fifomem/genblk1_7__U/A2[0]
                                0.55           0.26 f        -0.30  (VIOLATED)
   fifomem/genblk1_0__U/A1[1]
                                0.55           0.26 f        -0.29  (VIOLATED)
   fifomem/genblk1_1__U/A1[1]
                                0.55           0.26 f        -0.29  (VIOLATED)
   fifomem/genblk1_2__U/A1[1]
                                0.55           0.26 f        -0.29  (VIOLATED)
   fifomem/genblk1_3__U/A1[1]
                                0.55           0.26 f        -0.29  (VIOLATED)
   fifomem/genblk1_4__U/A1[1]
                                0.55           0.26 f        -0.29  (VIOLATED)
   fifomem/genblk1_5__U/A1[1]
                                0.55           0.26 f        -0.29  (VIOLATED)
   fifomem/genblk1_6__U/A1[1]
                                0.55           0.26 f        -0.29  (VIOLATED)
   fifomem/genblk1_7__U/A1[1]
                                0.55           0.26 f        -0.29  (VIOLATED)
   fifomem/genblk1_0__U/A2[4]
                                0.55           0.26 f        -0.29  (VIOLATED)
   fifomem/genblk1_1__U/A2[4]
                                0.55           0.26 f        -0.29  (VIOLATED)
   fifomem/genblk1_2__U/A2[4]
                                0.55           0.26 f        -0.29  (VIOLATED)
   fifomem/genblk1_3__U/A2[4]
                                0.55           0.26 f        -0.29  (VIOLATED)
   fifomem/genblk1_4__U/A2[4]
                                0.55           0.26 f        -0.29  (VIOLATED)
   fifomem/genblk1_5__U/A2[4]
                                0.55           0.26 f        -0.29  (VIOLATED)
   fifomem/genblk1_6__U/A2[4]
                                0.55           0.26 f        -0.29  (VIOLATED)
   fifomem/genblk1_7__U/A2[4]
                                0.55           0.26 f        -0.29  (VIOLATED)
   fifomem/genblk1_0__U/A2[2]
                                0.55           0.26 f        -0.29  (VIOLATED)
   fifomem/genblk1_1__U/A2[2]
                                0.55           0.26 f        -0.29  (VIOLATED)
   fifomem/genblk1_2__U/A2[2]
                                0.55           0.26 f        -0.29  (VIOLATED)
   fifomem/genblk1_3__U/A2[2]
                                0.55           0.26 f        -0.29  (VIOLATED)
   fifomem/genblk1_4__U/A2[2]
                                0.55           0.26 f        -0.29  (VIOLATED)
   fifomem/genblk1_5__U/A2[2]
                                0.55           0.26 f        -0.29  (VIOLATED)
   fifomem/genblk1_6__U/A2[2]
                                0.55           0.26 f        -0.29  (VIOLATED)
   fifomem/genblk1_7__U/A2[2]
                                0.55           0.26 f        -0.29  (VIOLATED)
   fifomem/genblk1_0__U/A1[5]
                                0.55           0.26 f        -0.29  (VIOLATED)
   fifomem/genblk1_1__U/A1[5]
                                0.55           0.26 f        -0.29  (VIOLATED)
   fifomem/genblk1_2__U/A1[5]
                                0.55           0.26 f        -0.29  (VIOLATED)
   fifomem/genblk1_3__U/A1[5]
                                0.55           0.26 f        -0.29  (VIOLATED)
   fifomem/genblk1_4__U/A1[5]
                                0.55           0.26 f        -0.29  (VIOLATED)
   fifomem/genblk1_5__U/A1[5]
                                0.55           0.26 f        -0.29  (VIOLATED)
   fifomem/genblk1_6__U/A1[5]
                                0.55           0.26 f        -0.29  (VIOLATED)
   fifomem/genblk1_7__U/A1[5]
                                0.55           0.26 f        -0.29  (VIOLATED)
   fifomem/genblk1_0__U/A2[1]
                                0.55           0.26 f        -0.29  (VIOLATED)
   fifomem/genblk1_1__U/A2[1]
                                0.55           0.26 f        -0.29  (VIOLATED)
   fifomem/genblk1_2__U/A2[1]
                                0.55           0.26 f        -0.29  (VIOLATED)
   fifomem/genblk1_3__U/A2[1]
                                0.55           0.26 f        -0.29  (VIOLATED)
   fifomem/genblk1_4__U/A2[1]
                                0.55           0.26 f        -0.29  (VIOLATED)
   fifomem/genblk1_5__U/A2[1]
                                0.55           0.26 f        -0.29  (VIOLATED)
   fifomem/genblk1_6__U/A2[1]
                                0.55           0.26 f        -0.29  (VIOLATED)
   fifomem/genblk1_7__U/A2[1]
                                0.55           0.26 f        -0.29  (VIOLATED)
   fifomem/genblk1_0__U/A1[6]
                                0.55           0.26 f        -0.29  (VIOLATED)
   fifomem/genblk1_1__U/A1[6]
                                0.55           0.26 f        -0.29  (VIOLATED)
   fifomem/genblk1_2__U/A1[6]
                                0.55           0.26 f        -0.29  (VIOLATED)
   fifomem/genblk1_3__U/A1[6]
                                0.55           0.26 f        -0.29  (VIOLATED)
   fifomem/genblk1_4__U/A1[6]
                                0.55           0.26 f        -0.29  (VIOLATED)
   fifomem/genblk1_5__U/A1[6]
                                0.55           0.26 f        -0.29  (VIOLATED)
   fifomem/genblk1_6__U/A1[6]
                                0.55           0.26 f        -0.29  (VIOLATED)
   fifomem/genblk1_7__U/A1[6]
                                0.55           0.26 f        -0.29  (VIOLATED)
   sync_r2w/wq2_rptr_reg_0_/D
                                0.28           0.26 f        -0.03  (VIOLATED)
   sync_r2w/wq2_rptr_reg_1_/D
                                0.28           0.26 f        -0.03  (VIOLATED)
   sync_r2w/wq2_rptr_reg_2_/D
                                0.28           0.26 f        -0.03  (VIOLATED)
   sync_r2w/wq2_rptr_reg_3_/D
                                0.28           0.26 f        -0.03  (VIOLATED)
   sync_r2w/wq2_rptr_reg_4_/D
                                0.28           0.26 f        -0.03  (VIOLATED)
   sync_r2w/wq2_rptr_reg_5_/D
                                0.28           0.26 f        -0.03  (VIOLATED)
   sync_r2w/wq2_rptr_reg_6_/D
                                0.28           0.26 f        -0.03  (VIOLATED)
   sync_r2w/wq2_rptr_reg_7_/D
                                0.28           0.26 f        -0.03  (VIOLATED)
   sync_r2w/wq2_rptr_reg_8_/D
                                0.28           0.26 f        -0.03  (VIOLATED)
   sync_r2w/wq2_rptr_reg_9_/D
                                0.28           0.26 f        -0.03  (VIOLATED)
   sync_r2w/wq2_rptr_reg_10_/D
                                0.28           0.26 f        -0.03  (VIOLATED)
   sync_w2r/rq2_wptr_reg_0_/D
                                0.28           0.26 f        -0.03  (VIOLATED)
   sync_w2r/rq2_wptr_reg_1_/D
                                0.28           0.26 f        -0.03  (VIOLATED)
   sync_w2r/rq2_wptr_reg_2_/D
                                0.28           0.26 f        -0.03  (VIOLATED)
   sync_w2r/rq2_wptr_reg_3_/D
                                0.28           0.26 f        -0.03  (VIOLATED)
   sync_w2r/rq2_wptr_reg_4_/D
                                0.28           0.26 f        -0.03  (VIOLATED)
   sync_w2r/rq2_wptr_reg_5_/D
                                0.28           0.26 f        -0.03  (VIOLATED)
   sync_w2r/rq2_wptr_reg_6_/D
                                0.28           0.26 f        -0.03  (VIOLATED)
   sync_w2r/rq2_wptr_reg_7_/D
                                0.28           0.26 f        -0.03  (VIOLATED)
   sync_w2r/rq2_wptr_reg_8_/D
                                0.28           0.26 f        -0.03  (VIOLATED)
   sync_w2r/rq2_wptr_reg_9_/D
                                0.28           0.26 f        -0.03  (VIOLATED)
   sync_w2r/rq2_wptr_reg_10_/D
                                0.28           0.26 f        -0.03  (VIOLATED)


   max_capacitance

                             Required        Actual
   Net                      Capacitance    Capacitance       Slack
   -----------------------------------------------------------------
   fifomem/n30                  0.03           0.42          -0.39  (VIOLATED)
   fifomem/n34                  0.03           0.42          -0.39  (VIOLATED)
   fifomem/n38                  0.03           0.42          -0.39  (VIOLATED)
   fifomem/n42                  0.03           0.42          -0.39  (VIOLATED)
   fifomem/n46                  0.03           0.42          -0.39  (VIOLATED)
   fifomem/n50                  0.03           0.42          -0.39  (VIOLATED)
   fifomem/n54                  0.03           0.42          -0.39  (VIOLATED)
   fifomem/n58                  0.03           0.42          -0.39  (VIOLATED)
   fifomem/n62                  0.03           0.42          -0.39  (VIOLATED)
   fifomem/n66                  0.03           0.42          -0.39  (VIOLATED)
   fifomem/n70                  0.03           0.42          -0.39  (VIOLATED)
   fifomem/n74                  0.03           0.42          -0.39  (VIOLATED)
   fifomem/n78                  0.03           0.42          -0.39  (VIOLATED)
   fifomem/n82                  0.03           0.42          -0.39  (VIOLATED)
   fifomem/n86                  0.03           0.42          -0.39  (VIOLATED)
   fifomem/n90                  0.03           0.42          -0.39  (VIOLATED)
   fifomem/n31                  0.03           0.40          -0.37  (VIOLATED)
   fifomem/n35                  0.03           0.40          -0.37  (VIOLATED)
   fifomem/n39                  0.03           0.40          -0.37  (VIOLATED)
   fifomem/n43                  0.03           0.40          -0.37  (VIOLATED)
   fifomem/n47                  0.03           0.40          -0.37  (VIOLATED)
   fifomem/n51                  0.03           0.40          -0.37  (VIOLATED)
   fifomem/n55                  0.03           0.40          -0.37  (VIOLATED)
   fifomem/n59                  0.03           0.40          -0.37  (VIOLATED)
   fifomem/n63                  0.03           0.40          -0.37  (VIOLATED)
   fifomem/n67                  0.03           0.40          -0.37  (VIOLATED)
   fifomem/n71                  0.03           0.40          -0.37  (VIOLATED)
   fifomem/n75                  0.03           0.40          -0.37  (VIOLATED)
   fifomem/n79                  0.03           0.40          -0.37  (VIOLATED)
   fifomem/n83                  0.03           0.40          -0.37  (VIOLATED)
   fifomem/n87                  0.03           0.40          -0.37  (VIOLATED)
   fifomem/n91                  0.03           0.40          -0.37  (VIOLATED)
   fifomem/n32                  0.03           0.39          -0.37  (VIOLATED)
   fifomem/n36                  0.03           0.39          -0.37  (VIOLATED)
   fifomem/n40                  0.03           0.39          -0.37  (VIOLATED)
   fifomem/n44                  0.03           0.39          -0.37  (VIOLATED)
   fifomem/n48                  0.03           0.39          -0.37  (VIOLATED)
   fifomem/n52                  0.03           0.39          -0.37  (VIOLATED)
   fifomem/n56                  0.03           0.39          -0.37  (VIOLATED)
   fifomem/n60                  0.03           0.39          -0.37  (VIOLATED)
   fifomem/n64                  0.03           0.39          -0.37  (VIOLATED)
   fifomem/n68                  0.03           0.39          -0.37  (VIOLATED)
   fifomem/n72                  0.03           0.39          -0.37  (VIOLATED)
   fifomem/n76                  0.03           0.39          -0.37  (VIOLATED)
   fifomem/n80                  0.03           0.39          -0.37  (VIOLATED)
   fifomem/n84                  0.03           0.39          -0.37  (VIOLATED)
   fifomem/n88                  0.03           0.39          -0.37  (VIOLATED)
   fifomem/n92                  0.03           0.39          -0.37  (VIOLATED)
   fifomem/n29                  0.03           0.39          -0.36  (VIOLATED)
   fifomem/n33                  0.03           0.39          -0.36  (VIOLATED)
   fifomem/n37                  0.03           0.39          -0.36  (VIOLATED)
   fifomem/n41                  0.03           0.39          -0.36  (VIOLATED)
   fifomem/n45                  0.03           0.39          -0.36  (VIOLATED)
   fifomem/n49                  0.03           0.39          -0.36  (VIOLATED)
   fifomem/n53                  0.03           0.39          -0.36  (VIOLATED)
   fifomem/n57                  0.03           0.39          -0.36  (VIOLATED)
   fifomem/n61                  0.03           0.39          -0.36  (VIOLATED)
   fifomem/n65                  0.03           0.39          -0.36  (VIOLATED)
   fifomem/n69                  0.03           0.39          -0.36  (VIOLATED)
   fifomem/n73                  0.03           0.39          -0.36  (VIOLATED)
   fifomem/n77                  0.03           0.39          -0.36  (VIOLATED)
   fifomem/n81                  0.03           0.39          -0.36  (VIOLATED)
   fifomem/n85                  0.03           0.39          -0.36  (VIOLATED)
   fifomem/n89                  0.03           0.39          -0.36  (VIOLATED)

   -----------------------------------------------------------------
   Total                      64                -23.95  

   max_leakage_power

                             Required        Actual
   Design                   Leakage Power  Leakage Power     Slack
   -----------------------------------------------------------------
   fifo1_srama                  0.00       75839232.00    -75839232.00
                                                                    (VIOLATED)


1
